# JRE version: OpenJDK Runtime Environment (8.0_242-b01) (build 1.8.0_242-release-1644-b01)
# Java VM: OpenJDK 64-Bit Server VM (25.242-b01 mixed mode windows-amd64 compressed oops)
Heap:
 PSYoungGen      total 603136K, used 430315K [0x00000000d5580000, 0x0000000100000000, 0x0000000100000000)
  eden space 547328K, 68% used [0x00000000d5580000,0x00000000ec33d7b8,0x00000000f6c00000)
  from space 55808K, 99% used [0x00000000fc700000,0x00000000ffd7d578,0x00000000ffd80000)
  to   space 75776K, 0% used [0x00000000f6c00000,0x00000000f6c00000,0x00000000fb600000)
 ParOldGen       total 357376K, used 224711K [0x0000000080000000, 0x0000000095d00000, 0x00000000d5580000)
  object space 357376K, 62% used [0x0000000080000000,0x000000008db71f30,0x0000000095d00000)
 Metaspace       used 132819K, capacity 143352K, committed 151128K, reserved 1179648K
  class space    used 16750K, capacity 18505K, committed 20096K, reserved 1048576K
GC Heap History (10 events):
Event: 4694.635 GC heap before
{Heap before GC invocations=100 (full 8):
 PSYoungGen      total 622592K, used 571130K [0x00000000d5580000, 0x00000000ffc00000, 0x0000000100000000)
  eden space 555520K, 100% used [0x00000000d5580000,0x00000000f7400000,0x00000000f7400000)
  from space 67072K, 23% used [0x00000000f7400000,0x00000000f833ebf8,0x00000000fb580000)
  to   space 63488K, 0% used [0x00000000fbe00000,0x00000000fbe00000,0x00000000ffc00000)
 ParOldGen       total 357376K, used 195759K [0x0000000080000000, 0x0000000095d00000, 0x00000000d5580000)
  object space 357376K, 54% used [0x0000000080000000,0x000000008bf2bed0,0x0000000095d00000)
 Metaspace       used 132358K, capacity 142876K, committed 151128K, reserved 1179648K
  class space    used 16747K, capacity 18503K, committed 20096K, reserved 1048576K
Event: 4694.867 GC heap after
Heap after GC invocations=100 (full 8):
 PSYoungGen      total 627200K, used 11104K [0x00000000d5580000, 0x00000000ff780000, 0x0000000100000000)
  eden space 568320K, 0% used [0x00000000d5580000,0x00000000d5580000,0x00000000f8080000)
  from space 58880K, 18% used [0x00000000fbe00000,0x00000000fc8d8090,0x00000000ff780000)
  to   space 60928K, 0% used [0x00000000f8080000,0x00000000f8080000,0x00000000fbc00000)
 ParOldGen       total 357376K, used 195767K [0x0000000080000000, 0x0000000095d00000, 0x00000000d5580000)
  object space 357376K, 54% used [0x0000000080000000,0x000000008bf2ded0,0x0000000095d00000)
 Metaspace       used 132358K, capacity 142876K, committed 151128K, reserved 1179648K
  class space    used 16747K, capacity 18503K, committed 20096K, reserved 1048576K
}
Event: 4753.268 GC heap before
{Heap before GC invocations=101 (full 8):
 PSYoungGen      total 627200K, used 579424K [0x00000000d5580000, 0x00000000ff780000, 0x0000000100000000)
  eden space 568320K, 100% used [0x00000000d5580000,0x00000000f8080000,0x00000000f8080000)
  from space 58880K, 18% used [0x00000000fbe00000,0x00000000fc8d8090,0x00000000ff780000)
  to   space 60928K, 0% used [0x00000000f8080000,0x00000000f8080000,0x00000000fbc00000)
 ParOldGen       total 357376K, used 195767K [0x0000000080000000, 0x0000000095d00000, 0x00000000d5580000)
  object space 357376K, 54% used [0x0000000080000000,0x000000008bf2ded0,0x0000000095d00000)
 Metaspace       used 132599K, capacity 143076K, committed 151128K, reserved 1179648K
  class space    used 16747K, capacity 18503K, committed 20096K, reserved 1048576K
Event: 4753.381 GC heap after
Heap after GC invocations=101 (full 8):
 PSYoungGen      total 629248K, used 12624K [0x00000000d5580000, 0x00000000ffd00000, 0x0000000100000000)
  eden space 568320K, 0% used [0x00000000d5580000,0x00000000d5580000,0x00000000f8080000)
  from space 60928K, 20% used [0x00000000f8080000,0x00000000f8cd4090,0x00000000fbc00000)
  to   space 58368K, 0% used [0x00000000fc400000,0x00000000fc400000,0x00000000ffd00000)
 ParOldGen       total 357376K, used 195775K [0x0000000080000000, 0x0000000095d00000, 0x00000000d5580000)
  object space 357376K, 54% used [0x0000000080000000,0x000000008bf2fed0,0x0000000095d00000)
 Metaspace       used 132599K, capacity 143076K, committed 151128K, reserved 1179648K
  class space    used 16747K, capacity 18503K, committed 20096K, reserved 1048576K
}
Event: 4799.556 GC heap before
{Heap before GC invocations=102 (full 8):
 PSYoungGen      total 629248K, used 580837K [0x00000000d5580000, 0x00000000ffd00000, 0x0000000100000000)
  eden space 568320K, 99% used [0x00000000d5580000,0x00000000f80653c8,0x00000000f8080000)
  from space 60928K, 20% used [0x00000000f8080000,0x00000000f8cd4090,0x00000000fbc00000)
  to   space 58368K, 0% used [0x00000000fc400000,0x00000000fc400000,0x00000000ffd00000)
 ParOldGen       total 357376K, used 195775K [0x0000000080000000, 0x0000000095d00000, 0x00000000d5580000)
  object space 357376K, 54% used [0x0000000080000000,0x000000008bf2fed0,0x0000000095d00000)
 Metaspace       used 132663K, capacity 143208K, committed 151128K, reserved 1179648K
  class space    used 16747K, capacity 18503K, committed 20096K, reserved 1048576K
Event: 4799.584 GC heap after
Heap after GC invocations=102 (full 8):
 PSYoungGen      total 636416K, used 26936K [0x00000000d5580000, 0x00000000ffb80000, 0x0000000100000000)
  eden space 579584K, 0% used [0x00000000d5580000,0x00000000d5580000,0x00000000f8b80000)
  from space 56832K, 47% used [0x00000000fc400000,0x00000000fde4e000,0x00000000ffb80000)
  to   space 57344K, 0% used [0x00000000f8b80000,0x00000000f8b80000,0x00000000fc380000)
 ParOldGen       total 357376K, used 195783K [0x0000000080000000, 0x0000000095d00000, 0x00000000d5580000)
  object space 357376K, 54% used [0x0000000080000000,0x000000008bf31ed0,0x0000000095d00000)
 Metaspace       used 132663K, capacity 143208K, committed 151128K, reserved 1179648K
  class space    used 16747K, capacity 18503K, committed 20096K, reserved 1048576K
}
Event: 4889.923 GC heap before
{Heap before GC invocations=103 (full 8):
 PSYoungGen      total 636416K, used 606520K [0x00000000d5580000, 0x00000000ffb80000, 0x0000000100000000)
  eden space 579584K, 100% used [0x00000000d5580000,0x00000000f8b80000,0x00000000f8b80000)
  from space 56832K, 47% used [0x00000000fc400000,0x00000000fde4e000,0x00000000ffb80000)
  to   space 57344K, 0% used [0x00000000f8b80000,0x00000000f8b80000,0x00000000fc380000)
 ParOldGen       total 357376K, used 195783K [0x0000000080000000, 0x0000000095d00000, 0x00000000d5580000)
  object space 357376K, 54% used [0x0000000080000000,0x000000008bf31ed0,0x0000000095d00000)
 Metaspace       used 132701K, capacity 143276K, committed 151128K, reserved 1179648K
  class space    used 16747K, capacity 18503K, committed 20096K, reserved 1048576K
Event: 4889.960 GC heap after
Heap after GC invocations=103 (full 8):
 PSYoungGen      total 636928K, used 26366K [0x00000000d5580000, 0x00000000ffd80000, 0x0000000100000000)
  eden space 579584K, 0% used [0x00000000d5580000,0x00000000d5580000,0x00000000f8b80000)
  from space 57344K, 45% used [0x00000000f8b80000,0x00000000fa53fa58,0x00000000fc380000)
  to   space 55808K, 0% used [0x00000000fc700000,0x00000000fc700000,0x00000000ffd80000)
 ParOldGen       total 357376K, used 195783K [0x0000000080000000, 0x0000000095d00000, 0x00000000d5580000)
  object space 357376K, 54% used [0x0000000080000000,0x000000008bf31ed0,0x0000000095d00000)
 Metaspace       used 132701K, capacity 143276K, committed 151128K, reserved 1179648K
  class space    used 16747K, capacity 18503K, committed 20096K, reserved 1048576K
}
Event: 4923.819 GC heap before
{Heap before GC invocations=104 (full 8):
 PSYoungGen      total 636928K, used 605950K [0x00000000d5580000, 0x00000000ffd80000, 0x0000000100000000)
  eden space 579584K, 100% used [0x00000000d5580000,0x00000000f8b80000,0x00000000f8b80000)
  from space 57344K, 45% used [0x00000000f8b80000,0x00000000fa53fa58,0x00000000fc380000)
  to   space 55808K, 0% used [0x00000000fc700000,0x00000000fc700000,0x00000000ffd80000)
 ParOldGen       total 357376K, used 195783K [0x0000000080000000, 0x0000000095d00000, 0x00000000d5580000)
  object space 357376K, 54% used [0x0000000080000000,0x000000008bf31ed0,0x0000000095d00000)
 Metaspace       used 132741K, capacity 143276K, committed 151128K, reserved 1179648K
  class space    used 16747K, capacity 18503K, committed 20096K, reserved 1048576K
Event: 4923.941 GC heap after
Heap after GC invocations=104 (full 8):
 PSYoungGen      total 603136K, used 55797K [0x00000000d5580000, 0x0000000100000000, 0x0000000100000000)
  eden space 547328K, 0% used [0x00000000d5580000,0x00000000d5580000,0x00000000f6c00000)
  from space 55808K, 99% used [0x00000000fc700000,0x00000000ffd7d578,0x00000000ffd80000)
  to   space 75776K, 0% used [0x00000000f6c00000,0x00000000f6c00000,0x00000000fb600000)
 ParOldGen       total 357376K, used 224711K [0x0000000080000000, 0x0000000095d00000, 0x00000000d5580000)
  object space 357376K, 62% used [0x0000000080000000,0x000000008db71f30,0x0000000095d00000)
 Metaspace       used 132741K, capacity 143276K, committed 151128K, reserved 1179648K
  class space    used 16747K, capacity 18503K, committed 20096K, reserved 1048576K
}

